<?xml version="1.0" encoding="UTF-8"?>
<!-- Generated by org.testng.reporters.JUnitReportReporter -->
<testsuite hostname="rushi-ThinkCentre-M71e" failures="0" tests="1" name="testCases.DataDriventest" time="0.015" errors="0" timestamp="28 Nov 2018 10:27:25 GMT">
  <testcase classname="testCases.DataDriventest" name="fblogin" time="0.015"/>
</testsuite> <!-- testCases.DataDriventest -->
