<?xml version="1.0" encoding="UTF-8"?>
<!-- Generated by org.testng.reporters.JUnitReportReporter -->
<testsuite hostname="rushi-ThinkCentre-M71e" failures="0" tests="1" name="testCases.DataDriventest" time="79.256" errors="0" timestamp="28 Nov 2018 12:13:27 GMT">
  <testcase classname="testCases.DataDriventest" name="fblogin" time="79.256"/>
</testsuite> <!-- testCases.DataDriventest -->
